Build started 5/31/2016 8:57:39 AM.
Project "C:\Users\e049519\Workspace\sdk-core-charp\MasterCard-Core.sln" on node 1 (default targets).
Building with tools version "2.0".
Target "ValidateSolutionConfiguration" in file "C:\Users\e049519\Workspace\sdk-core-charp\MasterCard-Core.sln.metaproj" from project "C:\Users\e049519\Workspace\sdk-core-charp\MasterCard-Core.sln" (entry point):
Task "Error" skipped, due to false condition; (('$(CurrentSolutionConfigurationContents)' == '') and ('$(SkipInvalidConfigurations)' != 'true')) was evaluated as (('<SolutionConfiguration>
  <ProjectConfiguration Project="{068705F0-69F9-4B26-A18E-17B0C6D13B24}" AbsolutePath="C:\Users\e049519\Workspace\sdk-core-charp\MasterCard-Core.csproj" BuildProjectInSolution="True">Release|x86</ProjectConfiguration>
</SolutionConfiguration>' == '') and ('' != 'true')).
Task "Warning" skipped, due to false condition; (('$(CurrentSolutionConfigurationContents)' == '') and ('$(SkipInvalidConfigurations)' == 'true')) was evaluated as (('<SolutionConfiguration>
  <ProjectConfiguration Project="{068705F0-69F9-4B26-A18E-17B0C6D13B24}" AbsolutePath="C:\Users\e049519\Workspace\sdk-core-charp\MasterCard-Core.csproj" BuildProjectInSolution="True">Release|x86</ProjectConfiguration>
</SolutionConfiguration>' == '') and ('' == 'true')).
Using "Message" task from assembly "Microsoft.Build.Tasks.Core, Version=14.0.0.0, Culture=neutral, PublicKeyToken=b03f5f7f11d50a3a".
Task "Message"
  Building solution configuration "Release|x86".
Done executing task "Message".
Done building target "ValidateSolutionConfiguration" in project "MasterCard-Core.sln".
Target "ValidateToolsVersions" in file "C:\Users\e049519\Workspace\sdk-core-charp\MasterCard-Core.sln.metaproj" from project "C:\Users\e049519\Workspace\sdk-core-charp\MasterCard-Core.sln" (entry point):
Task "Error" skipped, due to false condition; ('$(MSBuildToolsVersion)' == '2.0' and ('$(ProjectToolsVersion)' != '2.0' and '$(ProjectToolsVersion)' != '')) was evaluated as ('14.0' == '2.0' and ('' != '2.0' and '' != '')).
Done building target "ValidateToolsVersions" in project "MasterCard-Core.sln".
Target "ValidateProjects" in file "C:\Users\e049519\Workspace\sdk-core-charp\MasterCard-Core.sln.metaproj" from project "C:\Users\e049519\Workspace\sdk-core-charp\MasterCard-Core.sln" (entry point):
Done building target "ValidateProjects" in project "MasterCard-Core.sln".
Target "Build" in file "C:\Users\e049519\Workspace\sdk-core-charp\MasterCard-Core.sln.metaproj" from project "C:\Users\e049519\Workspace\sdk-core-charp\MasterCard-Core.sln" (entry point):
Using "MSBuild" task from assembly "Microsoft.Build.Tasks.Core, Version=14.0.0.0, Culture=neutral, PublicKeyToken=b03f5f7f11d50a3a".
Task "MSBuild"
  Global Properties:
    BuildingSolutionFile=true
    CurrentSolutionConfigurationContents=<SolutionConfiguration>
    <ProjectConfiguration Project="{068705F0-69F9-4B26-A18E-17B0C6D13B24}" AbsolutePath="C:\Users\e049519\Workspace\sdk-core-charp\MasterCard-Core.csproj" BuildProjectInSolution="True">Release|x86</ProjectConfiguration>
  </SolutionConfiguration>
    SolutionDir=C:\Users\e049519\Workspace\sdk-core-charp\
    SolutionExt=.sln
    SolutionFileName=MasterCard-Core.sln
    SolutionName=MasterCard-Core
    SolutionPath=C:\Users\e049519\Workspace\sdk-core-charp\MasterCard-Core.sln
  Additional Properties for project "C:\Users\e049519\Workspace\sdk-core-charp\MasterCard-Core.csproj":
    Configuration=Release
    Platform=x86
Overriding target "GetFrameworkPaths" in project "C:\Program Files (x86)\MSBuild\14.0\bin\Microsoft.Common.CurrentVersion.targets" with target "GetFrameworkPaths" from project "C:\Program Files (x86)\MSBuild\14.0\bin\Microsoft.NetFramework.CurrentVersion.targets".
Overriding target "SatelliteDllsProjectOutputGroup" in project "C:\Program Files (x86)\MSBuild\14.0\bin\Microsoft.Common.CurrentVersion.targets" with target "SatelliteDllsProjectOutputGroup" from project "C:\WINDOWS\Microsoft.NET\Framework\v4.0.30319\Microsoft.WinFx.targets".
Project "C:\Users\e049519\Workspace\sdk-core-charp\MasterCard-Core.sln" (1) is building "C:\Users\e049519\Workspace\sdk-core-charp\MasterCard-Core.csproj" (2) on node 1 (default targets).
Building with tools version "14.0".
Project file contains ToolsVersion="12.0". This toolset may be unknown or missing, in which case you may be able to resolve this by installing the appropriate version of MSBuild, or the build may have been forced to a particular ToolsVersion for policy reasons. Treating the project as if it had ToolsVersion="14.0". For more information, please see http://go.microsoft.com/fwlink/?LinkId=293424.
Target "_CheckForInvalidConfigurationAndPlatform" in file "C:\Program Files (x86)\MSBuild\14.0\bin\Microsoft.Common.CurrentVersion.targets" from project "C:\Users\e049519\Workspace\sdk-core-charp\MasterCard-Core.csproj" (entry point):
Task "Error" skipped, due to false condition; ( '$(_InvalidConfigurationError)' == 'true' ) was evaluated as ( '' == 'true' ).
Task "Warning" skipped, due to false condition; ( '$(_InvalidConfigurationWarning)' == 'true' ) was evaluated as ( '' == 'true' ).
Using "Message" task from assembly "Microsoft.Build.Tasks.Core, Version=14.0.0.0, Culture=neutral, PublicKeyToken=b03f5f7f11d50a3a".
Task "Message"
  Configuration=Release
Done executing task "Message".
Task "Message"
  Platform=x86
Done executing task "Message".
Task "Error" skipped, due to false condition; ('$(OutDir)' != '' and !HasTrailingSlash('$(OutDir)')) was evaluated as ('bin\Release\' != '' and !HasTrailingSlash('bin\Release\')).
Task "Error" skipped, due to false condition; ('$(BaseIntermediateOutputPath)' != '' and !HasTrailingSlash('$(BaseIntermediateOutputPath)')) was evaluated as ('obj\' != '' and !HasTrailingSlash('obj\')).
Task "Error" skipped, due to false condition; ('$(IntermediateOutputPath)' != '' and !HasTrailingSlash('$(IntermediateOutputPath)')) was evaluated as ('obj\x86\Release\' != '' and !HasTrailingSlash('obj\x86\Release\')).
Done building target "_CheckForInvalidConfigurationAndPlatform" in project "MasterCard-Core.csproj".
Target "EntityDeploy" skipped, due to false condition; ('@(EntityDeploy)' != '') was evaluated as ('' != '').
Target "BeforeBuild" in file "C:\Program Files (x86)\MSBuild\14.0\bin\Microsoft.Common.CurrentVersion.targets" from project "C:\Users\e049519\Workspace\sdk-core-charp\MasterCard-Core.csproj" (target "Build" depends on it):
Done building target "BeforeBuild" in project "MasterCard-Core.csproj".
Target "BuildOnlySettings" in file "C:\Program Files (x86)\MSBuild\14.0\bin\Microsoft.Common.CurrentVersion.targets" from project "C:\Users\e049519\Workspace\sdk-core-charp\MasterCard-Core.csproj" (target "CoreBuild" depends on it):
Done building target "BuildOnlySettings" in project "MasterCard-Core.csproj".
Target "GetFrameworkPaths" in file "C:\Program Files (x86)\MSBuild\14.0\bin\Microsoft.NetFramework.CurrentVersion.targets" from project "C:\Users\e049519\Workspace\sdk-core-charp\MasterCard-Core.csproj" (target "PrepareForBuild" depends on it):
Done building target "GetFrameworkPaths" in project "MasterCard-Core.csproj".
Target "GetWinFXPath" skipped, due to false condition; (('@(Page)' != '' or '@(ApplicationDefinition)' != '' or '@(Resource)' != '') and ('$(GetWinFXNativePath)' != '' or '$(GetWinFXWoWPath)' != '' )) was evaluated as (('' != '' or '' != '' or '' != '') and ('' != '' or '' != '' )).
Target "GetReferenceAssemblyPaths" in file "C:\Program Files (x86)\MSBuild\14.0\bin\Microsoft.Common.CurrentVersion.targets" from project "C:\Users\e049519\Workspace\sdk-core-charp\MasterCard-Core.csproj" (target "PrepareForBuild" depends on it):
Using "GetReferenceAssemblyPaths" task from assembly "Microsoft.Build.Tasks.Core, Version=14.0.0.0, Culture=neutral, PublicKeyToken=b03f5f7f11d50a3a".
Task "GetReferenceAssemblyPaths"
Done executing task "GetReferenceAssemblyPaths".
Done building target "GetReferenceAssemblyPaths" in project "MasterCard-Core.csproj".
Target "AssignLinkMetadata" skipped, due to false condition; ( '$(SynthesizeLinkMetadata)' == 'true' ) was evaluated as ( '' == 'true' ).
Target "PrepareForBuild" in file "C:\Program Files (x86)\MSBuild\14.0\bin\Microsoft.Common.CurrentVersion.targets" from project "C:\Users\e049519\Workspace\sdk-core-charp\MasterCard-Core.csproj" (target "CoreBuild" depends on it):
Using "FindAppConfigFile" task from assembly "Microsoft.Build.Tasks.Core, Version=14.0.0.0, Culture=neutral, PublicKeyToken=b03f5f7f11d50a3a".
Task "FindAppConfigFile"
Done executing task "FindAppConfigFile".
Using "MakeDir" task from assembly "Microsoft.Build.Tasks.Core, Version=14.0.0.0, Culture=neutral, PublicKeyToken=b03f5f7f11d50a3a".
Task "MakeDir"
Done executing task "MakeDir".
Done building target "PrepareForBuild" in project "MasterCard-Core.csproj".
Target "PreBuildEvent" skipped, due to false condition; ('$(PreBuildEvent)'!='') was evaluated as (''!='').
Target "BeforeResolveReferences" in file "C:\Program Files (x86)\MSBuild\14.0\bin\Microsoft.Common.CurrentVersion.targets" from project "C:\Users\e049519\Workspace\sdk-core-charp\MasterCard-Core.csproj" (target "ResolveReferences" depends on it):
Done building target "BeforeResolveReferences" in project "MasterCard-Core.csproj".
Target "AssignProjectConfiguration" in file "C:\Program Files (x86)\MSBuild\14.0\bin\Microsoft.Common.CurrentVersion.targets" from project "C:\Users\e049519\Workspace\sdk-core-charp\MasterCard-Core.csproj" (target "ResolveReferences" depends on it):
Using "AssignProjectConfiguration" task from assembly "Microsoft.Build.Tasks.Core, Version=14.0.0.0, Culture=neutral, PublicKeyToken=b03f5f7f11d50a3a".
Task "AssignProjectConfiguration"
Done executing task "AssignProjectConfiguration".
Done building target "AssignProjectConfiguration" in project "MasterCard-Core.csproj".
Target "AssignProjectConfiguration" skipped. Previously built successfully.
Target "_SplitProjectReferencesByFileExistence" in file "C:\Program Files (x86)\MSBuild\14.0\bin\Microsoft.Common.CurrentVersion.targets" from project "C:\Users\e049519\Workspace\sdk-core-charp\MasterCard-Core.csproj" (target "ResolveProjectReferences" depends on it):
Task "ResolveNonMSBuildProjectOutput" skipped, due to false condition; ('$(BuildingInsideVisualStudio)'=='true' and '@(ProjectReferenceWithConfiguration)'!='') was evaluated as (''=='true' and ''!='').
Done building target "_SplitProjectReferencesByFileExistence" in project "MasterCard-Core.csproj".
Target "ResolveProjectReferences" in file "C:\Program Files (x86)\MSBuild\14.0\bin\Microsoft.Common.CurrentVersion.targets" from project "C:\Users\e049519\Workspace\sdk-core-charp\MasterCard-Core.csproj" (target "ResolveReferences" depends on it):
Task "MSBuild" skipped, due to false condition; ('%(_MSBuildProjectReferenceExistent.BuildReference)' == 'true' and '@(ProjectReferenceWithConfiguration)' != '' and ('$(BuildingInsideVisualStudio)' == 'true' or '$(BuildProjectReferences)' != 'true') and '$(VisualStudioVersion)' != '10.0' and '@(_MSBuildProjectReferenceExistent)' != '') was evaluated as ('' == 'true' and '' != '' and ('' == 'true' or 'true' != 'true') and '14.0' != '10.0' and '' != '').
Task "MSBuild" skipped, due to false condition; ('%(_MSBuildProjectReferenceExistent.BuildReference)' == 'true' and '@(ProjectReferenceWithConfiguration)' != '' and ('$(BuildingInsideVisualStudio)' == 'true' or '$(BuildProjectReferences)' != 'true') and '$(VisualStudioVersion)' == '10.0' and '@(_MSBuildProjectReferenceExistent)' != '') was evaluated as ('' == 'true' and '' != '' and ('' == 'true' or 'true' != 'true') and '14.0' == '10.0' and '' != '').
Task "MSBuild" skipped, due to false condition; ('%(_MSBuildProjectReferenceExistent.BuildReference)' == 'true' and '@(ProjectReferenceWithConfiguration)' != '' and '$(BuildingInsideVisualStudio)' != 'true' and '$(BuildProjectReferences)' == 'true' and '@(_MSBuildProjectReferenceExistent)' != '') was evaluated as ('' == 'true' and '' != '' and '' != 'true' and 'true' == 'true' and '' != '').
Task "MSBuild" skipped, due to false condition; ('%(_MSBuildProjectReferenceExistent.BuildReference)' == 'true' and '@(ProjectReferenceWithConfiguration)' != '' and '$(BuildingProject)' == 'true' and '@(_MSBuildProjectReferenceExistent)' != '') was evaluated as ('' == 'true' and '' != '' and 'true' == 'true' and '' != '').
Task "Warning" skipped, due to false condition; ('@(ProjectReferenceWithConfiguration)' != '' and '@(_MSBuildProjectReferenceNonexistent)' != '') was evaluated as ('' != '' and '' != '').
Done building target "ResolveProjectReferences" in project "MasterCard-Core.csproj".
Target "FindInvalidProjectReferences" skipped, due to false condition; ('$(FindInvalidProjectReferences)' == 'true') was evaluated as ('' == 'true').
Target "ResolveNativeReferences" skipped, due to false condition; ('@(NativeReference)'!='') was evaluated as (''!='').
Target "GetFrameworkPaths" skipped. Previously built successfully.
Target "GetReferenceAssemblyPaths" skipped. Previously built successfully.
Target "PrepareForBuild" skipped. Previously built successfully.
Target "GetInstalledSDKLocations" in file "C:\Program Files (x86)\MSBuild\14.0\bin\Microsoft.Common.CurrentVersion.targets" from project "C:\Users\e049519\Workspace\sdk-core-charp\MasterCard-Core.csproj" (target "ResolveSDKReferences" depends on it):
Task "GetInstalledSDKLocations" skipped, due to false condition; ('@(SDKReference)' != '') was evaluated as ('' != '').
Task "GetInstalledSDKLocations" skipped, due to false condition; ('@(SDKReference)' != '' and '$(SupportWindows81SDKs)' == 'true' and '$(TargetPlatformIdentifierWindows81)' != '' and '$(TargetPlatformVersionWindows81)' != '') was evaluated as ('' != '' and '' == 'true' and '' != '' and '' != '').
Task "GetInstalledSDKLocations" skipped, due to false condition; ('@(SDKReference)' != '' and '$(SupportWindowsPhone81SDKs)' == 'true' and '$(TargetPlatformIdentifierWindowsPhone81)' != '' and '$(TargetPlatformVersionWindowsPhone81)' != '') was evaluated as ('' != '' and '' == 'true' and '' != '' and '' != '').
Done building target "GetInstalledSDKLocations" in project "MasterCard-Core.csproj".
Target "ResolveSDKReferences" in file "C:\Program Files (x86)\MSBuild\14.0\bin\Microsoft.Common.CurrentVersion.targets" from project "C:\Users\e049519\Workspace\sdk-core-charp\MasterCard-Core.csproj" (target "ResolveAssemblyReferences" depends on it):
Task "ResolveSDKReference" skipped, due to false condition; ('@(SDKReference)'!='') was evaluated as (''!='').
Done building target "ResolveSDKReferences" in project "MasterCard-Core.csproj".
Target "ResolveSDKReferences" skipped. Previously built successfully.
Target "ExpandSDKReferences" in file "C:\Program Files (x86)\MSBuild\14.0\bin\Microsoft.Common.CurrentVersion.targets" from project "C:\Users\e049519\Workspace\sdk-core-charp\MasterCard-Core.csproj" (target "ResolveAssemblyReferences" depends on it):
Task "GetSDKReferenceFiles" skipped, due to false condition; ('@(ResolvedSDKReference)'!='') was evaluated as (''!='').
Done building target "ExpandSDKReferences" in project "MasterCard-Core.csproj".
Target "ResolveNuGetPackageAssets" skipped, due to false condition; ('$(ResolveNuGetPackages)' == 'true' and exists('$(ProjectLockFile)')) was evaluated as ('true' == 'true' and exists('project.lock.json')).
Target "ResolveAssemblyReferences" in file "C:\Program Files (x86)\MSBuild\14.0\bin\Microsoft.Common.CurrentVersion.targets" from project "C:\Users\e049519\Workspace\sdk-core-charp\MasterCard-Core.csproj" (target "ResolveReferences" depends on it):
Using "ResolveAssemblyReference" task from assembly "Microsoft.Build.Tasks.Core, Version=14.0.0.0, Culture=neutral, PublicKeyToken=b03f5f7f11d50a3a".
Task "ResolveAssemblyReference"
  TargetFrameworkMoniker:
      .NETFramework,Version=v4.6.1
  TargetFrameworkMonikerDisplayName:
      .NET Framework 4.6.1
  TargetedRuntimeVersion:
      v4.0.30319
  Assemblies:
      Castle.Core, Version=3.3.0.0, Culture=neutral, PublicKeyToken=407dd0808d44fbdc, processorArchitecture=MSIL
          Private = 'True'
          HintPath = 'packages\Castle.Core.3.3.3\lib\net45\Castle.Core.dll'
      log4net, Version=1.2.15.0, Culture=neutral, PublicKeyToken=669e0ddf0bb1aa2a, processorArchitecture=MSIL
          Private = 'True'
          HintPath = 'packages\log4net.2.0.5\lib\net45-full\log4net.dll'
      Moq, Version=4.5.8.0, Culture=neutral, PublicKeyToken=69f491c39445e920, processorArchitecture=MSIL
          Private = 'True'
          HintPath = 'packages\Moq.4.5.8\lib\net45\Moq.dll'
      nunit.framework, Version=3.2.1.0, Culture=neutral, PublicKeyToken=2638cd05610744eb, processorArchitecture=MSIL
          Private = 'True'
          HintPath = 'packages\NUnit.3.2.1\lib\net45\nunit.framework.dll'
      System
      Microsoft.CSharp
      System.Web
      System.Xml
      Newtonsoft.Json
          HintPath = 'packages\Newtonsoft.Json.8.0.3\lib\net45\Newtonsoft.Json.dll'
      RestSharp
          HintPath = 'packages\RestSharp.105.2.3\lib\net45\RestSharp.dll'
      System.Core
  AssemblyFiles:
      C:\Program Files (x86)\Reference Assemblies\Microsoft\Framework\.NETFramework\v4.6.1\mscorlib.dll
  CandidateAssemblyFiles:
  TargetFrameworkDirectories:
      C:\Program Files (x86)\Reference Assemblies\Microsoft\Framework\.NETFramework\v4.6.1\,C:\Program Files (x86)\Reference Assemblies\Microsoft\Framework\.NETFramework\v4.6.1\Facades\
  InstalledAssemblyTables:
  IgnoreInstalledAssemblyTable:
      False
  SearchPaths:
      {CandidateAssemblyFiles}
      {HintPathFromItem}
      {TargetFrameworkDirectory}
      {Registry:Software\Microsoft\.NETFramework,v4.6.1,AssemblyFoldersEx}
      {AssemblyFolders}
      {GAC}
      {RawFileName}
      bin\Release\
  AllowedAssemblyExtensions:
      .winmd
      .dll
      .exe
  AllowedRelatedFileExtensions:
      .pdb
      .xml
      .pri
  AppConfigFile:
      
  AutoUnify:
      True
  CopyLocalDependenciesWhenParentReferenceInGac:
      True
  FindDependencies:
      True
  TargetProcessorArchitecture:
      x86
  StateFile:
      obj\x86\Release\MasterCard-Core.csprojResolveAssemblyReference.cache
  InstalledAssemblySubsetTables:
  IgnoreInstalledAssemblySubsetTable:
      False
  TargetFrameworkSubsets:
  FullTargetFrameworkSubsetNames:
      Full
  ProfileName:
      
  FullFrameworkFolders:
      C:\Program Files (x86)\Reference Assemblies\Microsoft\Framework\.NETFramework\v4.6.1\
  LatestTargetFrameworkDirectories:
  ProfileTablesLocation:
  Primary reference "mscorlib, Version=4.0.0.0, Culture=neutral, PublicKeyToken=b77a5c561934e089".
      Resolved file path is "C:\Program Files (x86)\Reference Assemblies\Microsoft\Framework\.NETFramework\v4.6.1\mscorlib.dll".
      Reference found at search path location "C:\Program Files (x86)\Reference Assemblies\Microsoft\Framework\.NETFramework\v4.6.1\mscorlib.dll".
      This reference is not "CopyLocal" because it's a prerequisite file.
      The ImageRuntimeVersion for this reference is "v4.0.30319".
  Primary reference "Castle.Core, Version=3.3.0.0, Culture=neutral, PublicKeyToken=407dd0808d44fbdc".
      Resolved file path is "C:\Users\e049519\Workspace\sdk-core-charp\packages\Castle.Core.3.3.3\lib\net45\Castle.Core.dll".
      Reference found at search path location "{HintPathFromItem}".
      Found related file "C:\Users\e049519\Workspace\sdk-core-charp\packages\Castle.Core.3.3.3\lib\net45\Castle.Core.xml".
      The ImageRuntimeVersion for this reference is "v4.0.30319".
  Primary reference "log4net, Version=1.2.15.0, Culture=neutral, PublicKeyToken=669e0ddf0bb1aa2a".
      Resolved file path is "C:\Users\e049519\Workspace\sdk-core-charp\packages\log4net.2.0.5\lib\net45-full\log4net.dll".
      Reference found at search path location "{HintPathFromItem}".
      Found related file "C:\Users\e049519\Workspace\sdk-core-charp\packages\log4net.2.0.5\lib\net45-full\log4net.xml".
      The ImageRuntimeVersion for this reference is "v4.0.30319".
  Primary reference "Moq, Version=4.5.8.0, Culture=neutral, PublicKeyToken=69f491c39445e920".
      Resolved file path is "C:\Users\e049519\Workspace\sdk-core-charp\packages\Moq.4.5.8\lib\net45\Moq.dll".
      Reference found at search path location "{HintPathFromItem}".
      Found related file "C:\Users\e049519\Workspace\sdk-core-charp\packages\Moq.4.5.8\lib\net45\Moq.xml".
      The ImageRuntimeVersion for this reference is "v4.0.30319".
  Primary reference "nunit.framework, Version=3.2.1.0, Culture=neutral, PublicKeyToken=2638cd05610744eb".
      Resolved file path is "C:\Users\e049519\Workspace\sdk-core-charp\packages\NUnit.3.2.1\lib\net45\nunit.framework.dll".
      Reference found at search path location "{HintPathFromItem}".
      Found related file "C:\Users\e049519\Workspace\sdk-core-charp\packages\NUnit.3.2.1\lib\net45\nunit.framework.xml".
      The ImageRuntimeVersion for this reference is "v4.0.30319".
  Primary reference "System, Version=4.0.0.0, Culture=neutral, PublicKeyToken=b77a5c561934e089".
      Resolved file path is "C:\Program Files (x86)\Reference Assemblies\Microsoft\Framework\.NETFramework\v4.6.1\System.dll".
      Reference found at search path location "{TargetFrameworkDirectory}".
          For SearchPath "{TargetFrameworkDirectory}".
          Considered "C:\Program Files (x86)\Reference Assemblies\Microsoft\Framework\.NETFramework\v4.6.1\System.winmd", but it didn't exist.
      This reference is not "CopyLocal" because it's a prerequisite file.
      The ImageRuntimeVersion for this reference is "v4.0.30319".
  Primary reference "Microsoft.CSharp, Version=4.0.0.0, Culture=neutral, PublicKeyToken=b03f5f7f11d50a3a".
      Resolved file path is "C:\Program Files (x86)\Reference Assemblies\Microsoft\Framework\.NETFramework\v4.6.1\Microsoft.CSharp.dll".
      Reference found at search path location "{TargetFrameworkDirectory}".
          For SearchPath "{TargetFrameworkDirectory}".
          Considered "C:\Program Files (x86)\Reference Assemblies\Microsoft\Framework\.NETFramework\v4.6.1\Microsoft.CSharp.winmd", but it didn't exist.
      This reference is not "CopyLocal" because it's a prerequisite file.
      The ImageRuntimeVersion for this reference is "v4.0.30319".
  Primary reference "System.Web, Version=4.0.0.0, Culture=neutral, PublicKeyToken=b03f5f7f11d50a3a".
      Resolved file path is "C:\Program Files (x86)\Reference Assemblies\Microsoft\Framework\.NETFramework\v4.6.1\System.Web.dll".
      Reference found at search path location "{TargetFrameworkDirectory}".
          For SearchPath "{TargetFrameworkDirectory}".
          Considered "C:\Program Files (x86)\Reference Assemblies\Microsoft\Framework\.NETFramework\v4.6.1\System.Web.winmd", but it didn't exist.
      This reference is not "CopyLocal" because it's a prerequisite file.
      The ImageRuntimeVersion for this reference is "v4.0.30319".
  Primary reference "System.Xml, Version=4.0.0.0, Culture=neutral, PublicKeyToken=b77a5c561934e089".
      Resolved file path is "C:\Program Files (x86)\Reference Assemblies\Microsoft\Framework\.NETFramework\v4.6.1\System.Xml.dll".
      Reference found at search path location "{TargetFrameworkDirectory}".
          For SearchPath "{TargetFrameworkDirectory}".
          Considered "C:\Program Files (x86)\Reference Assemblies\Microsoft\Framework\.NETFramework\v4.6.1\System.Xml.winmd", but it didn't exist.
      This reference is not "CopyLocal" because it's a prerequisite file.
      The ImageRuntimeVersion for this reference is "v4.0.30319".
  Primary reference "Newtonsoft.Json, Version=8.0.0.0, Culture=neutral, PublicKeyToken=30ad4fe6b2a6aeed".
      Resolved file path is "C:\Users\e049519\Workspace\sdk-core-charp\packages\Newtonsoft.Json.8.0.3\lib\net45\Newtonsoft.Json.dll".
      Reference found at search path location "{HintPathFromItem}".
      Found related file "C:\Users\e049519\Workspace\sdk-core-charp\packages\Newtonsoft.Json.8.0.3\lib\net45\Newtonsoft.Json.xml".
      The ImageRuntimeVersion for this reference is "v4.0.30319".
  Primary reference "RestSharp, Version=105.2.3.0, Culture=neutral, PublicKeyToken=null".
      Resolved file path is "C:\Users\e049519\Workspace\sdk-core-charp\packages\RestSharp.105.2.3\lib\net45\RestSharp.dll".
      Reference found at search path location "{HintPathFromItem}".
      Found related file "C:\Users\e049519\Workspace\sdk-core-charp\packages\RestSharp.105.2.3\lib\net45\RestSharp.xml".
      The ImageRuntimeVersion for this reference is "v4.0.30319".
  Primary reference "System.Core, Version=4.0.0.0, Culture=neutral, PublicKeyToken=b77a5c561934e089".
      Resolved file path is "C:\Program Files (x86)\Reference Assemblies\Microsoft\Framework\.NETFramework\v4.6.1\System.Core.dll".
      Reference found at search path location "{TargetFrameworkDirectory}".
          For SearchPath "{TargetFrameworkDirectory}".
          Considered "C:\Program Files (x86)\Reference Assemblies\Microsoft\Framework\.NETFramework\v4.6.1\System.Core.winmd", but it didn't exist.
      This reference is not "CopyLocal" because it's a prerequisite file.
      The ImageRuntimeVersion for this reference is "v4.0.30319".
  Dependency "System.Configuration, Version=4.0.0.0, Culture=neutral, PublicKeyToken=b03f5f7f11d50a3a".
      Resolved file path is "C:\Program Files (x86)\Reference Assemblies\Microsoft\Framework\.NETFramework\v4.6.1\System.Configuration.dll".
      Reference found at search path location "{TargetFrameworkDirectory}".
          For SearchPath "C:\Users\e049519\Workspace\sdk-core-charp\packages\Castle.Core.3.3.3\lib\net45".
          Considered "C:\Users\e049519\Workspace\sdk-core-charp\packages\Castle.Core.3.3.3\lib\net45\System.Configuration.winmd", but it didn't exist.
          Considered "C:\Users\e049519\Workspace\sdk-core-charp\packages\Castle.Core.3.3.3\lib\net45\System.Configuration.dll", but it didn't exist.
          Considered "C:\Users\e049519\Workspace\sdk-core-charp\packages\Castle.Core.3.3.3\lib\net45\System.Configuration.exe", but it didn't exist.
          For SearchPath "{TargetFrameworkDirectory}".
          Considered "C:\Program Files (x86)\Reference Assemblies\Microsoft\Framework\.NETFramework\v4.6.1\System.Configuration.winmd", but it didn't exist.
      Required by "log4net, Version=1.2.15.0, Culture=neutral, PublicKeyToken=669e0ddf0bb1aa2a, processorArchitecture=MSIL".
      Required by "Moq, Version=4.5.8.0, Culture=neutral, PublicKeyToken=69f491c39445e920, processorArchitecture=MSIL".
      Required by "Castle.Core, Version=3.3.0.0, Culture=neutral, PublicKeyToken=407dd0808d44fbdc, processorArchitecture=MSIL".
      This reference is not "CopyLocal" because it's a prerequisite file.
      The ImageRuntimeVersion for this reference is "v4.0.30319".
  Dependency "System.Data, Version=4.0.0.0, Culture=neutral, PublicKeyToken=b77a5c561934e089".
      Resolved file path is "C:\Program Files (x86)\Reference Assemblies\Microsoft\Framework\.NETFramework\v4.6.1\System.Data.dll".
      Reference found at search path location "{TargetFrameworkDirectory}".
          For SearchPath "C:\Users\e049519\Workspace\sdk-core-charp\packages\log4net.2.0.5\lib\net45-full".
          Considered "C:\Users\e049519\Workspace\sdk-core-charp\packages\log4net.2.0.5\lib\net45-full\System.Data.winmd", but it didn't exist.
          Considered "C:\Users\e049519\Workspace\sdk-core-charp\packages\log4net.2.0.5\lib\net45-full\System.Data.dll", but it didn't exist.
          Considered "C:\Users\e049519\Workspace\sdk-core-charp\packages\log4net.2.0.5\lib\net45-full\System.Data.exe", but it didn't exist.
          For SearchPath "{TargetFrameworkDirectory}".
          Considered "C:\Program Files (x86)\Reference Assemblies\Microsoft\Framework\.NETFramework\v4.6.1\System.Data.winmd", but it didn't exist.
      Required by "Newtonsoft.Json".
      Required by "log4net, Version=1.2.15.0, Culture=neutral, PublicKeyToken=669e0ddf0bb1aa2a, processorArchitecture=MSIL".
      This reference is not "CopyLocal" because it's a prerequisite file.
      The ImageRuntimeVersion for this reference is "v4.0.30319".
  Dependency "System.Windows.Forms, Version=4.0.0.0, Culture=neutral, PublicKeyToken=b77a5c561934e089".
      Resolved file path is "C:\Program Files (x86)\Reference Assemblies\Microsoft\Framework\.NETFramework\v4.6.1\System.Windows.Forms.dll".
      Reference found at search path location "{TargetFrameworkDirectory}".
          For SearchPath "C:\Users\e049519\Workspace\sdk-core-charp\packages\NUnit.3.2.1\lib\net45".
          Considered "C:\Users\e049519\Workspace\sdk-core-charp\packages\NUnit.3.2.1\lib\net45\System.Windows.Forms.winmd", but it didn't exist.
          Considered "C:\Users\e049519\Workspace\sdk-core-charp\packages\NUnit.3.2.1\lib\net45\System.Windows.Forms.dll", but it didn't exist.
          Considered "C:\Users\e049519\Workspace\sdk-core-charp\packages\NUnit.3.2.1\lib\net45\System.Windows.Forms.exe", but it didn't exist.
          For SearchPath "{TargetFrameworkDirectory}".
          Considered "C:\Program Files (x86)\Reference Assemblies\Microsoft\Framework\.NETFramework\v4.6.1\System.Windows.Forms.winmd", but it didn't exist.
      Required by "nunit.framework, Version=3.2.1.0, Culture=neutral, PublicKeyToken=2638cd05610744eb, processorArchitecture=MSIL".
      This reference is not "CopyLocal" because it's a prerequisite file.
      The ImageRuntimeVersion for this reference is "v4.0.30319".
  Dependency "System.Numerics, Version=4.0.0.0, Culture=neutral, PublicKeyToken=b77a5c561934e089".
      Resolved file path is "C:\Program Files (x86)\Reference Assemblies\Microsoft\Framework\.NETFramework\v4.6.1\System.Numerics.dll".
      Reference found at search path location "{TargetFrameworkDirectory}".
          For SearchPath "C:\Users\e049519\Workspace\sdk-core-charp\packages\Newtonsoft.Json.8.0.3\lib\net45".
          Considered "C:\Users\e049519\Workspace\sdk-core-charp\packages\Newtonsoft.Json.8.0.3\lib\net45\System.Numerics.winmd", but it didn't exist.
          Considered "C:\Users\e049519\Workspace\sdk-core-charp\packages\Newtonsoft.Json.8.0.3\lib\net45\System.Numerics.dll", but it didn't exist.
          Considered "C:\Users\e049519\Workspace\sdk-core-charp\packages\Newtonsoft.Json.8.0.3\lib\net45\System.Numerics.exe", but it didn't exist.
          For SearchPath "{TargetFrameworkDirectory}".
          Considered "C:\Program Files (x86)\Reference Assemblies\Microsoft\Framework\.NETFramework\v4.6.1\System.Numerics.winmd", but it didn't exist.
      Required by "Newtonsoft.Json".
      This reference is not "CopyLocal" because it's a prerequisite file.
      The ImageRuntimeVersion for this reference is "v4.0.30319".
  Dependency "System.Xml.Linq, Version=4.0.0.0, Culture=neutral, PublicKeyToken=b77a5c561934e089".
      Resolved file path is "C:\Program Files (x86)\Reference Assemblies\Microsoft\Framework\.NETFramework\v4.6.1\System.Xml.Linq.dll".
      Reference found at search path location "{TargetFrameworkDirectory}".
          For SearchPath "C:\Users\e049519\Workspace\sdk-core-charp\packages\Newtonsoft.Json.8.0.3\lib\net45".
          Considered "C:\Users\e049519\Workspace\sdk-core-charp\packages\Newtonsoft.Json.8.0.3\lib\net45\System.Xml.Linq.winmd", but it didn't exist.
          Considered "C:\Users\e049519\Workspace\sdk-core-charp\packages\Newtonsoft.Json.8.0.3\lib\net45\System.Xml.Linq.dll", but it didn't exist.
          Considered "C:\Users\e049519\Workspace\sdk-core-charp\packages\Newtonsoft.Json.8.0.3\lib\net45\System.Xml.Linq.exe", but it didn't exist.
          For SearchPath "{TargetFrameworkDirectory}".
          Considered "C:\Program Files (x86)\Reference Assemblies\Microsoft\Framework\.NETFramework\v4.6.1\System.Xml.Linq.winmd", but it didn't exist.
      Required by "RestSharp".
      Required by "Newtonsoft.Json".
      This reference is not "CopyLocal" because it's a prerequisite file.
      The ImageRuntimeVersion for this reference is "v4.0.30319".
  Dependency "System.Runtime.Serialization, Version=4.0.0.0, Culture=neutral, PublicKeyToken=b77a5c561934e089".
      Resolved file path is "C:\Program Files (x86)\Reference Assemblies\Microsoft\Framework\.NETFramework\v4.6.1\System.Runtime.Serialization.dll".
      Reference found at search path location "{TargetFrameworkDirectory}".
          For SearchPath "C:\Users\e049519\Workspace\sdk-core-charp\packages\Newtonsoft.Json.8.0.3\lib\net45".
          Considered "C:\Users\e049519\Workspace\sdk-core-charp\packages\Newtonsoft.Json.8.0.3\lib\net45\System.Runtime.Serialization.winmd", but it didn't exist.
          Considered "C:\Users\e049519\Workspace\sdk-core-charp\packages\Newtonsoft.Json.8.0.3\lib\net45\System.Runtime.Serialization.dll", but it didn't exist.
          Considered "C:\Users\e049519\Workspace\sdk-core-charp\packages\Newtonsoft.Json.8.0.3\lib\net45\System.Runtime.Serialization.exe", but it didn't exist.
          For SearchPath "{TargetFrameworkDirectory}".
          Considered "C:\Program Files (x86)\Reference Assemblies\Microsoft\Framework\.NETFramework\v4.6.1\System.Runtime.Serialization.winmd", but it didn't exist.
      Required by "Newtonsoft.Json".
      This reference is not "CopyLocal" because it's a prerequisite file.
      The ImageRuntimeVersion for this reference is "v4.0.30319".
Done executing task "ResolveAssemblyReference".
Done building target "ResolveAssemblyReferences" in project "MasterCard-Core.csproj".
Target "GenerateBindingRedirects" skipped, due to false condition; ('$(AutoGenerateBindingRedirects)' == 'true' and '$(GenerateBindingRedirectsOutputType)' == 'true') was evaluated as ('' == 'true' and '' == 'true').
Target "GenerateBindingRedirectsUpdateAppConfig" skipped, due to false condition; ('$(AutoGenerateBindingRedirects)' == 'true' and '$(GenerateBindingRedirectsOutputType)' == 'true' and Exists('$(_GenerateBindingRedirectsIntermediateAppConfig)')) was evaluated as ('' == 'true' and '' == 'true' and Exists('obj\x86\Release\MasterCard-Core.csproj.MasterCard-Core.dll.config')).
Target "ResolveComReferences" skipped, due to false condition; ('@(COMReference)'!='' or '@(COMFileReference)'!='') was evaluated as (''!='' or ''!='').
Target "AfterResolveReferences" in file "C:\Program Files (x86)\MSBuild\14.0\bin\Microsoft.Common.CurrentVersion.targets" from project "C:\Users\e049519\Workspace\sdk-core-charp\MasterCard-Core.csproj" (target "ResolveReferences" depends on it):
Done building target "AfterResolveReferences" in project "MasterCard-Core.csproj".
Target "GetReferenceAssemblyPaths" skipped. Previously built successfully.
Target "ImplicitlyExpandDesignTimeFacades" in file "C:\Program Files (x86)\MSBuild\14.0\bin\Microsoft.NetFramework.CurrentVersion.targets" from project "C:\Users\e049519\Workspace\sdk-core-charp\MasterCard-Core.csproj" (target "ResolveReferences" depends on it):
Task "Message" skipped, due to false condition; ('%(ReferencePath.ResolvedFrom)' == 'ImplicitlyExpandDesignTimeFacades') was evaluated as ('{HintPathFromItem}' == 'ImplicitlyExpandDesignTimeFacades').
Task "Message" skipped, due to false condition; ('%(ReferencePath.ResolvedFrom)' == 'ImplicitlyExpandDesignTimeFacades') was evaluated as ('{TargetFrameworkDirectory}' == 'ImplicitlyExpandDesignTimeFacades').
Task "Message" skipped, due to false condition; ('%(ReferencePath.ResolvedFrom)' == 'ImplicitlyExpandDesignTimeFacades') was evaluated as ('C:\Program Files (x86)\Reference Assemblies\Microsoft\Framework\.NETFramework\v4.6.1\mscorlib.dll' == 'ImplicitlyExpandDesignTimeFacades').
Done building target "ImplicitlyExpandDesignTimeFacades" in project "MasterCard-Core.csproj".
Target "ResolveTestReferences" skipped, due to false condition; ('@(Shadow)'!='') was evaluated as (''!='').
Target "ResolveReferences" in file "C:\Program Files (x86)\MSBuild\14.0\bin\Microsoft.Common.CurrentVersion.targets" from project "C:\Users\e049519\Workspace\sdk-core-charp\MasterCard-Core.csproj" (target "CoreBuild" depends on it):
Done building target "ResolveReferences" in project "MasterCard-Core.csproj".
Target "ResolveNuGetPackageAssets" skipped, due to false condition; ('$(ResolveNuGetPackages)' == 'true' and exists('$(ProjectLockFile)')) was evaluated as ('true' == 'true' and exists('project.lock.json')).
Target "ValidationExtension" in file "C:\WINDOWS\Microsoft.NET\Framework\v4.0.30319\Microsoft.WorkflowBuildExtensions.targets" from project "C:\Users\e049519\Workspace\sdk-core-charp\MasterCard-Core.csproj" (target "PrepareResources" depends on it):
Task "WorkflowBuildMessageTask" skipped, due to false condition; ('$(SkipWorkflowValidation)'!='' and '$(SkipWorkflowValidation)'!='true' and '$(SkipWorkflowValidation)'!='false') was evaluated as (''!='' and ''!='true' and ''!='false').
Done building target "ValidationExtension" in project "MasterCard-Core.csproj".
Target "ExpressionBuildExtension" in file "C:\WINDOWS\Microsoft.NET\Framework\v4.0.30319\Microsoft.WorkflowBuildExtensions.targets" from project "C:\Users\e049519\Workspace\sdk-core-charp\MasterCard-Core.csproj" (target "PrepareResources" depends on it):
Task "WorkflowBuildMessageTask" skipped, due to false condition; ('$(DisableWorkflowCompiledExpressions)'!='' and '$(DisableWorkflowCompiledExpressions)'!='true' and '$(DisableWorkflowCompiledExpressions)'!='false') was evaluated as (''!='' and ''!='true' and ''!='false').
Done building target "ExpressionBuildExtension" in project "MasterCard-Core.csproj".
Target "XamlMarkupCompilePass1" skipped, due to false condition; ('@(XamlPage)' != '' or '@(XamlAppDef)' != '') was evaluated as ('' != '' or '' != '').
Target "XamlMarkupCompileReadGeneratedFileList" skipped, due to false condition; ('@(XamlPage)' != '' or '@(XamlAppDef)' != '') was evaluated as ('' != '' or '' != '').
Target "XamlMarkupCompileAddFilesGenerated" skipped, due to false condition; ('@(XamlPage)' != '' or '@(XamlAppDef)' != '') was evaluated as ('' != '' or '' != '').
Target "XamlMarkupCompilePass2" skipped, due to false condition; ('$(XamlRequiresCompilationPass2)' == 'true' ) was evaluated as ('false' == 'true' ).
Target "XamlMarkupCompileReadPass2Flag" skipped, due to false condition; ('@(XamlPage)' != '' or '@(XamlAppDef)' != '') was evaluated as ('' != '' or '' != '').
Target "XamlMarkupCompileAddExtensionFilesGenerated" skipped, due to false condition; ('@(XamlPage)' != '' or '@(XamlAppDef)' != '') was evaluated as ('' != '' or '' != '').
Target "AddDeferredValidationErrorsFileToFileWrites" skipped, due to false condition; (Exists('$(DeferredValidationErrorsFileName)')) was evaluated as (Exists('obj\x86\Release\\AC2C1ABA-CCF6-44D4-8127-588FD4D0A860-DeferredValidationErrors.xml')).
Target "ReportValidationBuildExtensionErrors" skipped, due to false condition; ('$(SkipWorkflowValidation)' != 'true' and ('@(XamlPage)' != '' or '@(XamlAppDef)' != '')) was evaluated as ('' != 'true' and ('' != '' or '' != '')).
Target "MarkupCompilePass1" skipped, due to false condition; ('@(Page)' != '' or '@(ApplicationDefinition)' != '' ) was evaluated as ('' != '' or '' != '' ).
Target "AfterMarkupCompilePass1" in file "C:\WINDOWS\Microsoft.NET\Framework\v4.0.30319\Microsoft.WinFx.targets" from project "C:\Users\e049519\Workspace\sdk-core-charp\MasterCard-Core.csproj" (target "PrepareResources" depends on it):
Done building target "AfterMarkupCompilePass1" in project "MasterCard-Core.csproj".
Target "MarkupCompilePass2ForMainAssembly" skipped, due to false condition; ('$(_RequireMCPass2ForMainAssembly)' == 'true' ) was evaluated as ('false' == 'true' ).
Target "FileClassification" in file "C:\WINDOWS\Microsoft.NET\Framework\v4.0.30319\Microsoft.WinFx.targets" from project "C:\Users\e049519\Workspace\sdk-core-charp\MasterCard-Core.csproj" (target "PrepareResources" depends on it):
Task "FileClassifier" skipped, due to false condition; ('@(GeneratedBaml)' != '' or '@(Resource)' != '' or '@(Font)' != '') was evaluated as ('' != '' or '' != '' or '' != '').
Task "Message" skipped, due to false condition; ('$(MSBuildTargetsVerbose)'=='true') was evaluated as (''=='true').
Task "Message" skipped, due to false condition; ('$(MSBuildTargetsVerbose)'=='true') was evaluated as (''=='true').
Done building target "FileClassification" in project "MasterCard-Core.csproj".
Target "MainResourcesGeneration" skipped, due to false condition; ('@(MainEmbeddedFiles)' != '') was evaluated as ('' != '').
Target "AssignWinFXEmbeddedResource" skipped, due to false condition; ('@(WinFXEmbeddedResource)' != '') was evaluated as ('' != '').
Target "AssignTargetPaths" in file "C:\Program Files (x86)\MSBuild\14.0\bin\Microsoft.Common.CurrentVersion.targets" from project "C:\Users\e049519\Workspace\sdk-core-charp\MasterCard-Core.csproj" (target "PrepareResourceNames" depends on it):
Using "AssignTargetPath" task from assembly "Microsoft.Build.Tasks.Core, Version=14.0.0.0, Culture=neutral, PublicKeyToken=b03f5f7f11d50a3a".
Task "AssignTargetPath"
Done executing task "AssignTargetPath".
Task "AssignTargetPath"
Done executing task "AssignTargetPath".
Task "AssignTargetPath"
Done executing task "AssignTargetPath".
Task "AssignTargetPath"
Done executing task "AssignTargetPath".
Task "AssignTargetPath" skipped, due to false condition; ('@(_DeploymentBaseManifestWithTargetPath)'=='' and '%(None.Extension)'=='.manifest') was evaluated as (''=='' and '.config'=='.manifest').
Done building target "AssignTargetPaths" in project "MasterCard-Core.csproj".
Target "AssignTargetPaths" skipped. Previously built successfully.
Target "SplitResourcesByCulture" in file "C:\Program Files (x86)\MSBuild\14.0\bin\Microsoft.Common.CurrentVersion.targets" from project "C:\Users\e049519\Workspace\sdk-core-charp\MasterCard-Core.csproj" (target "PrepareResourceNames" depends on it):
Task "Warning" skipped, due to false condition; ('@(ResxWithNoCulture)'!='') was evaluated as (''!='').
Task "Warning" skipped, due to false condition; ('@(ResxWithCulture)'!='') was evaluated as (''!='').
Task "Warning" skipped, due to false condition; ('@(NonResxWithCulture)'!='') was evaluated as (''!='').
Task "Warning" skipped, due to false condition; ('@(NonResxWithNoCulture)'!='') was evaluated as (''!='').
Using "AssignCulture" task from assembly "Microsoft.Build.Tasks.Core, Version=14.0.0.0, Culture=neutral, PublicKeyToken=b03f5f7f11d50a3a".
Task "AssignCulture"
Done executing task "AssignCulture".
Done building target "SplitResourcesByCulture" in project "MasterCard-Core.csproj".
Target "CreateManifestResourceNames" skipped, due to false condition; ('@(EmbeddedResource)' != '') was evaluated as ('' != '').
Target "CreateCustomManifestResourceNames" in file "C:\Program Files (x86)\MSBuild\14.0\bin\Microsoft.Common.CurrentVersion.targets" from project "C:\Users\e049519\Workspace\sdk-core-charp\MasterCard-Core.csproj" (target "PrepareResourceNames" depends on it):
Done building target "CreateCustomManifestResourceNames" in project "MasterCard-Core.csproj".
Target "PrepareResourceNames" in file "C:\Program Files (x86)\MSBuild\14.0\bin\Microsoft.Common.CurrentVersion.targets" from project "C:\Users\e049519\Workspace\sdk-core-charp\MasterCard-Core.csproj" (target "PrepareResources" depends on it):
Done building target "PrepareResourceNames" in project "MasterCard-Core.csproj".
Target "ResolveAssemblyReferences" skipped. Previously built successfully.
Target "SplitResourcesByCulture" skipped. Previously built successfully.
Target "BeforeResGen" in file "C:\Program Files (x86)\MSBuild\14.0\bin\Microsoft.Common.CurrentVersion.targets" from project "C:\Users\e049519\Workspace\sdk-core-charp\MasterCard-Core.csproj" (target "ResGen" depends on it):
Done building target "BeforeResGen" in project "MasterCard-Core.csproj".
Target "CoreResGen" in file "C:\Program Files (x86)\MSBuild\14.0\bin\Microsoft.Common.CurrentVersion.targets" from project "C:\Users\e049519\Workspace\sdk-core-charp\MasterCard-Core.csproj" (target "ResGen" depends on it):
Task "GenerateResource" skipped, due to false condition; ('%(EmbeddedResource.Type)' == 'Resx' and '%(EmbeddedResource.GenerateResource)' != 'false' and '$(GenerateResourceMSBuildRuntime)' != 'CLR2') was evaluated as ('' == 'Resx' and '' != 'false' and 'CurrentRuntime' != 'CLR2').
Task "GenerateResource" skipped, due to false condition; ('%(EmbeddedResource.Type)' == 'Resx' and '%(EmbeddedResource.GenerateResource)' != 'false' and '$(GenerateResourceMSBuildRuntime)' == 'CLR2') was evaluated as ('' == 'Resx' and '' != 'false' and 'CurrentRuntime' == 'CLR2').
Done building target "CoreResGen" in project "MasterCard-Core.csproj".
Target "AfterResGen" in file "C:\Program Files (x86)\MSBuild\14.0\bin\Microsoft.Common.CurrentVersion.targets" from project "C:\Users\e049519\Workspace\sdk-core-charp\MasterCard-Core.csproj" (target "ResGen" depends on it):
Done building target "AfterResGen" in project "MasterCard-Core.csproj".
Target "ResGen" in file "C:\Program Files (x86)\MSBuild\14.0\bin\Microsoft.Common.CurrentVersion.targets" from project "C:\Users\e049519\Workspace\sdk-core-charp\MasterCard-Core.csproj" (target "PrepareResources" depends on it):
Done building target "ResGen" in project "MasterCard-Core.csproj".
Target "CompileLicxFiles" skipped, due to false condition; ('@(_LicxFile)'!='') was evaluated as (''!='').
Target "PrepareResources" in file "C:\Program Files (x86)\MSBuild\14.0\bin\Microsoft.Common.CurrentVersion.targets" from project "C:\Users\e049519\Workspace\sdk-core-charp\MasterCard-Core.csproj" (target "CoreBuild" depends on it):
Done building target "PrepareResources" in project "MasterCard-Core.csproj".
Target "ResolveKeySource" skipped, due to false condition; ($(SignManifests) == 'true' or $(SignAssembly) == 'true') was evaluated as ( == 'true' or  == 'true').
Target "ResolveReferences" skipped. Previously built successfully.
Target "ResolveKeySource" skipped, due to false condition; ($(SignManifests) == 'true' or $(SignAssembly) == 'true') was evaluated as ( == 'true' or  == 'true').
Target "ResolveComReferences" skipped, due to false condition; ('@(COMReference)'!='' or '@(COMFileReference)'!='') was evaluated as (''!='' or ''!='').
Target "ResolveNativeReferences" skipped, due to false condition; ('@(NativeReference)'!='') was evaluated as (''!='').
Target "_SetExternalWin32ManifestProperties" skipped, due to false condition; ('$(GenerateClickOnceManifests)'=='true' or '@(NativeReference)'!='' or '@(ResolvedIsolatedComModules)'!='') was evaluated as (''=='true' or ''!='' or ''!='').
Target "_SetEmbeddedWin32ManifestProperties" in file "C:\Program Files (x86)\MSBuild\14.0\bin\Microsoft.Common.CurrentVersion.targets" from project "C:\Users\e049519\Workspace\sdk-core-charp\MasterCard-Core.csproj" (target "SetWin32ManifestProperties" depends on it):
Using "GetFrameworkPath" task from assembly "Microsoft.Build.Tasks.Core, Version=14.0.0.0, Culture=neutral, PublicKeyToken=b03f5f7f11d50a3a".
Task "GetFrameworkPath"
Done executing task "GetFrameworkPath".
Done building target "_SetEmbeddedWin32ManifestProperties" in project "MasterCard-Core.csproj".
Target "SetWin32ManifestProperties" in file "C:\Program Files (x86)\MSBuild\14.0\bin\Microsoft.Common.CurrentVersion.targets" from project "C:\Users\e049519\Workspace\sdk-core-charp\MasterCard-Core.csproj" (target "Compile" depends on it):
Done building target "SetWin32ManifestProperties" in project "MasterCard-Core.csproj".
Target "_GenerateCompileInputs" in file "C:\Program Files (x86)\MSBuild\14.0\bin\Microsoft.Common.CurrentVersion.targets" from project "C:\Users\e049519\Workspace\sdk-core-charp\MasterCard-Core.csproj" (target "Compile" depends on it):
Task "Warning" skipped, due to false condition; ('@(ManifestResourceWithNoCulture)'!='' and '%(ManifestResourceWithNoCulture.EmittedForCompatibilityOnly)'=='') was evaluated as (''!='' and ''=='').
Task "Warning" skipped, due to false condition; ('@(ManifestNonResxWithNoCultureOnDisk)'!='' and '%(ManifestNonResxWithNoCultureOnDisk.EmittedForCompatibilityOnly)'=='') was evaluated as (''!='' and ''=='').
Done building target "_GenerateCompileInputs" in project "MasterCard-Core.csproj".
Target "PrepareForBuild" skipped. Previously built successfully.
Target "GetReferenceAssemblyPaths" skipped. Previously built successfully.
Target "_SetTargetFrameworkMonikerAttribute" in file "C:\Program Files (x86)\MSBuild\14.0\bin\Microsoft.CSharp.CurrentVersion.targets" from project "C:\Users\e049519\Workspace\sdk-core-charp\MasterCard-Core.csproj" (target "GenerateTargetFrameworkMonikerAttribute" depends on it):
Done building target "_SetTargetFrameworkMonikerAttribute" in project "MasterCard-Core.csproj".
Target "GenerateTargetFrameworkMonikerAttribute" in file "C:\Program Files (x86)\MSBuild\14.0\bin\Microsoft.Common.CurrentVersion.targets" from project "C:\Users\e049519\Workspace\sdk-core-charp\MasterCard-Core.csproj" (target "BeforeCompile" depends on it):
Skipping target "GenerateTargetFrameworkMonikerAttribute" because all output files are up-to-date with respect to the input files.
Input files: C:\Program Files (x86)\MSBuild\14.0\bin\Microsoft.Common.targets
Output files: C:\Users\e049519\AppData\Local\Temp\.NETFramework,Version=v4.6.1.AssemblyAttributes.cs
Done building target "GenerateTargetFrameworkMonikerAttribute" in project "MasterCard-Core.csproj".
Target "GenerateAdditionalSources" skipped, due to false condition; ('@(AssemblyAttributes)' != '' and '$(GenerateAdditionalSources)' == 'true') was evaluated as ('' != '' and '' == 'true').
Target "BeforeCompile" in file "C:\Program Files (x86)\MSBuild\14.0\bin\Microsoft.Common.CurrentVersion.targets" from project "C:\Users\e049519\Workspace\sdk-core-charp\MasterCard-Core.csproj" (target "Compile" depends on it):
Done building target "BeforeCompile" in project "MasterCard-Core.csproj".
Target "_TimeStampBeforeCompile" skipped, due to false condition; ('$(RunPostBuildEvent)'=='OnOutputUpdated' or ('$(RegisterForComInterop)'=='true' and '$(OutputType)'=='library')) was evaluated as (''=='OnOutputUpdated' or (''=='true' and 'Library'=='library')).
Target "_ComputeNonExistentFileProperty" skipped, due to false condition; (('$(BuildingInsideVisualStudio)' == 'true') and ('$(BuildingOutOfProcess)' != 'true') and (('$(BuildingProject)' == 'false') or ('$(UseHostCompilerIfAvailable)' == 'true'))) was evaluated as (('' == 'true') and ('' != 'true') and (('true' == 'false') or ('true' == 'true'))).
Target "ResolveCodeAnalysisRuleSet" in file "C:\Program Files (x86)\MSBuild\14.0\bin\Microsoft.CSharp.CurrentVersion.targets" from project "C:\Users\e049519\Workspace\sdk-core-charp\MasterCard-Core.csproj" (target "CoreCompile" depends on it):
Using "ResolveCodeAnalysisRuleSet" task from assembly "Microsoft.Build.Tasks.Core, Version=14.0.0.0, Culture=neutral, PublicKeyToken=b03f5f7f11d50a3a".
Task "ResolveCodeAnalysisRuleSet"
Done executing task "ResolveCodeAnalysisRuleSet".
Done building target "ResolveCodeAnalysisRuleSet" in project "MasterCard-Core.csproj".
Target "PreXsdCodeGen" in file "C:\WINDOWS\Microsoft.NET\Framework\v4.0.30319\Microsoft.ServiceModel.targets" from project "C:\Users\e049519\Workspace\sdk-core-charp\MasterCard-Core.csproj" (target "CoreCompile" depends on it):
Using "CallTarget" task from assembly "Microsoft.Build.Tasks.Core, Version=14.0.0.0, Culture=neutral, PublicKeyToken=b03f5f7f11d50a3a".
Task "CallTarget"
Target "CleanXsdCodeGen" in file "C:\WINDOWS\Microsoft.NET\Framework\v4.0.30319\Microsoft.ServiceModel.targets" from project "C:\Users\e049519\Workspace\sdk-core-charp\MasterCard-Core.csproj" (target "PreXsdCodeGen" depends on it):
Using "Delete" task from assembly "Microsoft.Build.Tasks.Core, Version=14.0.0.0, Culture=neutral, PublicKeyToken=b03f5f7f11d50a3a".
Task "Delete"
Done executing task "Delete".
Done building target "CleanXsdCodeGen" in project "MasterCard-Core.csproj".
Done executing task "CallTarget".
Done building target "PreXsdCodeGen" in project "MasterCard-Core.csproj".
Target "XsdCodeGen" skipped, due to false condition; ( '$(XsdCodeGenPreCondition)' == 'True' ) was evaluated as ( 'False' == 'True' ).
Target "CoreCompile" in file "C:\Program Files (x86)\MSBuild\14.0\bin\Microsoft.CSharp.Core.targets" from project "C:\Users\e049519\Workspace\sdk-core-charp\MasterCard-Core.csproj" (target "Compile" depends on it):
Skipping target "CoreCompile" because all output files are up-to-date with respect to the input files.
Input files: Properties\AssemblyInfo.cs;Sources\MasterCard\Core\Exceptions\ApiCommunicationException.cs;Sources\MasterCard\Core\Exceptions\ApiException.cs;Sources\MasterCard\Core\Exceptions\AuthenticationException.cs;Sources\MasterCard\Core\Exceptions\InvalidRequestException.cs;Sources\MasterCard\Core\Exceptions\NotAllowedException.cs;Sources\MasterCard\Core\Exceptions\ObjectNotFoundException.cs;Sources\MasterCard\Core\Exceptions\SystemException.cs;Sources\MasterCard\Core\Model\BaseObject.cs;Sources\MasterCard\Core\Security\AuthenticationInterface.cs;Sources\MasterCard\Core\Security\OAuth\OAuthAuthentication.cs;Sources\MasterCard\Core\Security\OAuth\OAuthParameters.cs;Sources\MasterCard\Core\Security\OAuth\OAuthUtil.cs;Sources\MasterCard\Core\ApiConfig.cs;Sources\MasterCard\Core\ApiController.cs;Sources\MasterCard\Core\Model\RequestMap.cs;Sources\MasterCard\Core\Util.cs;Sources\MasterCard\Core\Model\ResourceList.cs;Test\Functional\Parameters.cs;Test\Functional\ParametersTest.cs;Test\Functional\UserTest.cs;Test\Functional\User.cs;Test\Functional\PostTest.cs;Test\Functional\Post.cs;Test\Functional\UserPostHeaderTest.cs;Test\Functional\UserPostHeader.cs;Test\Functional\UserPostPathTest.cs;Test\Functional\UserPostPath.cs;Test\ApiControllerTest.cs;Test\BaseMapTest.cs;Test\OAuthUtilTest.cs;Test\TestBaseObject.cs;Test\TestPathBaseObject.cs;Test\UtilTest.cs;Sources\MasterCard\Core\Model\JObjectExtension.cs;Sources\MasterCard\Core\Security\CryptographyInterceptor.cs;Sources\MasterCard\Core\Security\CryptUtil.cs;Test\CryptUtilTest.cs;Test\Functional\TokenActivation.cs;Test\Functional\TokenActivationTest.cs;Sources\MasterCard\Core\Security\MDES\MDESCryptography.cs;C:\Users\e049519\AppData\Local\Temp\.NETFramework,Version=v4.6.1.AssemblyAttributes.cs;C:\Users\e049519\Workspace\sdk-core-charp\packages\Castle.Core.3.3.3\lib\net45\Castle.Core.dll;C:\Users\e049519\Workspace\sdk-core-charp\packages\log4net.2.0.5\lib\net45-full\log4net.dll;C:\Program Files (x86)\Reference Assemblies\Microsoft\Framework\.NETFramework\v4.6.1\Microsoft.CSharp.dll;C:\Users\e049519\Workspace\sdk-core-charp\packages\Moq.4.5.8\lib\net45\Moq.dll;C:\Program Files (x86)\Reference Assemblies\Microsoft\Framework\.NETFramework\v4.6.1\mscorlib.dll;C:\Users\e049519\Workspace\sdk-core-charp\packages\Newtonsoft.Json.8.0.3\lib\net45\Newtonsoft.Json.dll;C:\Users\e049519\Workspace\sdk-core-charp\packages\NUnit.3.2.1\lib\net45\nunit.framework.dll;C:\Users\e049519\Workspace\sdk-core-charp\packages\RestSharp.105.2.3\lib\net45\RestSharp.dll;C:\Program Files (x86)\Reference Assemblies\Microsoft\Framework\.NETFramework\v4.6.1\System.Core.dll;C:\Program Files (x86)\Reference Assemblies\Microsoft\Framework\.NETFramework\v4.6.1\System.dll;C:\Program Files (x86)\Reference Assemblies\Microsoft\Framework\.NETFramework\v4.6.1\System.Web.dll;C:\Program Files (x86)\Reference Assemblies\Microsoft\Framework\.NETFramework\v4.6.1\System.Xml.dll;C:\Program Files (x86)\MSBuild\14.0\bin\Microsoft.CSharp.CurrentVersion.targets;C:\Program Files (x86)\MSBuild\14.0\bin\Microsoft.NetFramework.CurrentVersion.props;C:\Users\e049519\Workspace\sdk-core-charp\MasterCard-Core.csproj;C:\Program Files (x86)\MSBuild\14.0\bin\Microsoft.Common.CurrentVersion.targets;C:\Users\e049519\Workspace\sdk-core-charp\MasterCard-Core.csproj.user;C:\Program Files (x86)\MSBuild\14.0\bin\Microsoft.NetFramework.CurrentVersion.targets;C:\Program Files (x86)\MSBuild\14.0\bin\Microsoft.Xaml.targets;C:\Program Files %28x86%29\Microsoft Visual Studio 14.0\Team Tools\Static Analysis Tools\\Rule Sets\MinimumRecommendedRules.ruleset
Output files: obj\x86\Release\MasterCard-Core.dll;obj\x86\Release\MasterCard-Core.pdb
Done building target "CoreCompile" in project "MasterCard-Core.csproj".
Target "_TimeStampAfterCompile" skipped, due to false condition; ('$(RunPostBuildEvent)'=='OnOutputUpdated' or ('$(RegisterForComInterop)'=='true' and '$(OutputType)'=='library')) was evaluated as (''=='OnOutputUpdated' or (''=='true' and 'Library'=='library')).
Target "AfterCompile" in file "C:\Program Files (x86)\MSBuild\14.0\bin\Microsoft.Common.CurrentVersion.targets" from project "C:\Users\e049519\Workspace\sdk-core-charp\MasterCard-Core.csproj" (target "Compile" depends on it):
Done building target "AfterCompile" in project "MasterCard-Core.csproj".
Target "CreateTfsBuildInfoResource" skipped, due to false condition; ( $(AddBuildInfoToAssembly)==true ) was evaluated as ( false==true ).
Target "CreateTfsBuildInfoFile" skipped, due to false condition; ( $(GenerateBuildInfoConfigFile)==true AND $(WebProjectOutputDir)!='') was evaluated as ( false==true AND !='').
Target "SetBuildInfoDefaults" in file "C:\Program Files (x86)\MSBuild\Microsoft\VisualStudio\v14.0\BuildInfo\Microsoft.VisualStudio.ReleaseManagement.BuildInfo.targets" from project "C:\Users\e049519\Workspace\sdk-core-charp\MasterCard-Core.csproj" (target "DeleteBuildInfoFile" depends on it):
Done building target "SetBuildInfoDefaults" in project "MasterCard-Core.csproj".
Target "DeleteBuildInfoFile" in file "C:\Program Files (x86)\MSBuild\Microsoft\VisualStudio\v14.0\BuildInfo\Microsoft.VisualStudio.ReleaseManagement.BuildInfo.targets" from project "C:\Users\e049519\Workspace\sdk-core-charp\MasterCard-Core.csproj" (target "Compile" depends on it):
Task "Delete" skipped, due to false condition; (EXISTS('$(BuildInfoConfigFileName)')) was evaluated as (EXISTS(' C:\Users\e049519\Workspace\sdk-core-charp\bin\Release\MasterCard-Core.BuildInfo.config')).
Done building target "DeleteBuildInfoFile" in project "MasterCard-Core.csproj".
Target "SetBuildInfoDefaults" skipped. Previously built successfully.
Target "DeleteBuildInfoResource" in file "C:\Program Files (x86)\MSBuild\Microsoft\VisualStudio\v14.0\BuildInfo\Microsoft.VisualStudio.ReleaseManagement.BuildInfo.targets" from project "C:\Users\e049519\Workspace\sdk-core-charp\MasterCard-Core.csproj" (target "Compile" depends on it):
Task "Delete" skipped, due to false condition; (EXISTS('$(BuildInfoResourceFileName)')) was evaluated as (EXISTS(' obj\x86\Release\MasterCard-Core.BuildInfo.config')).
Done building target "DeleteBuildInfoResource" in project "MasterCard-Core.csproj".
Target "PrepareResourcesForSatelliteAssemblies" skipped, due to false condition; ('$(UICulture)' != '') was evaluated as ('' != '').
Target "MergeLocalizationDirectives" skipped, due to false condition; ('@(GeneratedLocalizationFiles)' !='') was evaluated as ('' !='').
Target "AfterCompileWinFX" in file "C:\WINDOWS\Microsoft.NET\Framework\v4.0.30319\Microsoft.WinFx.targets" from project "C:\Users\e049519\Workspace\sdk-core-charp\MasterCard-Core.csproj" (target "_AfterCompileWinFXInternal" depends on it):
Done building target "AfterCompileWinFX" in project "MasterCard-Core.csproj".
Target "_AfterCompileWinFXInternal" in file "C:\WINDOWS\Microsoft.NET\Framework\v4.0.30319\Microsoft.WinFx.targets" from project "C:\Users\e049519\Workspace\sdk-core-charp\MasterCard-Core.csproj" (target "Compile" depends on it):
Done building target "_AfterCompileWinFXInternal" in project "MasterCard-Core.csproj".
Target "Compile" in file "C:\Program Files (x86)\MSBuild\14.0\bin\Microsoft.Common.CurrentVersion.targets" from project "C:\Users\e049519\Workspace\sdk-core-charp\MasterCard-Core.csproj" (target "CoreBuild" depends on it):
Done building target "Compile" in project "MasterCard-Core.csproj".
Target "DeferredValidation" skipped, due to false condition; ('$(SkipWorkflowValidation)' != 'true' and ('@(XamlPage)' != '' or '@(XamlAppDef)' != '')) was evaluated as ('' != 'true' and ('' != '' or '' != '')).
Target "ExportWindowsMDFile" skipped, due to false condition; ('$(ExportWinMDFile)' == 'true') was evaluated as ('' == 'true').
Target "UnmanagedUnregistration" skipped, due to false condition; ((('$(_AssemblyTimestampBeforeCompile)' != '$(_AssemblyTimestampAfterCompile)' or '$(RegisterForComInterop)' != 'true' or '$(OutputType)' != 'library') or
                    ('$(_AssemblyTimestampBeforeCompile)' == '')) and
                   Exists('@(_UnmanagedRegistrationCache)')) was evaluated as ((('' != '' or '' != 'true' or 'Library' != 'library') or
                    ('' == '')) and
                   Exists('obj\MasterCard-Core.csproj.UnmanagedRegistration.cache')).
Target "GenerateSerializationAssemblies" skipped, due to false condition; ('$(_SGenGenerateSerializationAssembliesConfig)' == 'On' or ('@(WebReferenceUrl)'!='' and '$(_SGenGenerateSerializationAssembliesConfig)' == 'Auto')) was evaluated as ('Auto' == 'On' or (''!='' and 'Auto' == 'Auto')).
Target "_GenerateSatelliteAssemblyInputs" in file "C:\Program Files (x86)\MSBuild\14.0\bin\Microsoft.Common.CurrentVersion.targets" from project "C:\Users\e049519\Workspace\sdk-core-charp\MasterCard-Core.csproj" (target "CreateSatelliteAssemblies" depends on it):
Task "Warning" skipped, due to false condition; ('@(ManifestResourceWithCulture)'!='' and '%(ManifestResourceWithCulture.EmittedForCompatibilityOnly)'=='') was evaluated as (''!='' and ''=='').
Task "Warning" skipped, due to false condition; ('@(ManifestNonResxWithCultureOnDisk)'!='' and '%(ManifestNonResxWithCultureOnDisk.EmittedForCompatibilityOnly)'=='') was evaluated as (''!='' and ''=='').
Done building target "_GenerateSatelliteAssemblyInputs" in project "MasterCard-Core.csproj".
Target "ComputeIntermediateSatelliteAssemblies" skipped, due to false condition; (@(EmbeddedResource->'%(WithCulture)') != '') was evaluated as ( != '').
Target "GenerateSatelliteAssemblies" skipped, due to false condition; ('@(_SatelliteAssemblyResourceInputs)' != '') was evaluated as ('' != '').
Target "CreateSatelliteAssemblies" in file "C:\Program Files (x86)\MSBuild\14.0\bin\Microsoft.Common.CurrentVersion.targets" from project "C:\Users\e049519\Workspace\sdk-core-charp\MasterCard-Core.csproj" (target "CoreBuild" depends on it):
Done building target "CreateSatelliteAssemblies" in project "MasterCard-Core.csproj".
Target "GenerateManifests" skipped, due to false condition; ('$(GenerateClickOnceManifests)'=='true' or '@(NativeReference)'!='' or '@(ResolvedIsolatedComModules)'!='' or '$(GenerateAppxManifest)' == 'true') was evaluated as (''=='true' or ''!='' or ''!='' or '' == 'true').
Target "GetTargetPath" in file "C:\Program Files (x86)\MSBuild\14.0\bin\Microsoft.Common.CurrentVersion.targets" from project "C:\Users\e049519\Workspace\sdk-core-charp\MasterCard-Core.csproj" (target "CoreBuild" depends on it):
Done building target "GetTargetPath" in project "MasterCard-Core.csproj".
Target "ComputeIntermediateSatelliteAssemblies" skipped, due to false condition; (@(EmbeddedResource->'%(WithCulture)') != '') was evaluated as ( != '').
Target "_CopyFilesMarkedCopyLocal" in file "C:\Program Files (x86)\MSBuild\14.0\bin\Microsoft.Common.CurrentVersion.targets" from project "C:\Users\e049519\Workspace\sdk-core-charp\MasterCard-Core.csproj" (target "CopyFilesToOutputDirectory" depends on it):
Using "Copy" task from assembly "Microsoft.Build.Tasks.Core, Version=14.0.0.0, Culture=neutral, PublicKeyToken=b03f5f7f11d50a3a".
Task "Copy"
  Did not copy from file "C:\Users\e049519\Workspace\sdk-core-charp\packages\Castle.Core.3.3.3\lib\net45\Castle.Core.dll" to file "bin\Release\Castle.Core.dll" because the "SkipUnchangedFiles" parameter was set to "true" in the project and the files' sizes and timestamps match.
  Did not copy from file "C:\Users\e049519\Workspace\sdk-core-charp\packages\log4net.2.0.5\lib\net45-full\log4net.dll" to file "bin\Release\log4net.dll" because the "SkipUnchangedFiles" parameter was set to "true" in the project and the files' sizes and timestamps match.
  Did not copy from file "C:\Users\e049519\Workspace\sdk-core-charp\packages\Moq.4.5.8\lib\net45\Moq.dll" to file "bin\Release\Moq.dll" because the "SkipUnchangedFiles" parameter was set to "true" in the project and the files' sizes and timestamps match.
  Did not copy from file "C:\Users\e049519\Workspace\sdk-core-charp\packages\Newtonsoft.Json.8.0.3\lib\net45\Newtonsoft.Json.dll" to file "bin\Release\Newtonsoft.Json.dll" because the "SkipUnchangedFiles" parameter was set to "true" in the project and the files' sizes and timestamps match.
  Did not copy from file "C:\Users\e049519\Workspace\sdk-core-charp\packages\NUnit.3.2.1\lib\net45\nunit.framework.dll" to file "bin\Release\nunit.framework.dll" because the "SkipUnchangedFiles" parameter was set to "true" in the project and the files' sizes and timestamps match.
  Did not copy from file "C:\Users\e049519\Workspace\sdk-core-charp\packages\RestSharp.105.2.3\lib\net45\RestSharp.dll" to file "bin\Release\RestSharp.dll" because the "SkipUnchangedFiles" parameter was set to "true" in the project and the files' sizes and timestamps match.
  Did not copy from file "C:\Users\e049519\Workspace\sdk-core-charp\packages\Castle.Core.3.3.3\lib\net45\Castle.Core.xml" to file "bin\Release\Castle.Core.xml" because the "SkipUnchangedFiles" parameter was set to "true" in the project and the files' sizes and timestamps match.
  Did not copy from file "C:\Users\e049519\Workspace\sdk-core-charp\packages\log4net.2.0.5\lib\net45-full\log4net.xml" to file "bin\Release\log4net.xml" because the "SkipUnchangedFiles" parameter was set to "true" in the project and the files' sizes and timestamps match.
  Did not copy from file "C:\Users\e049519\Workspace\sdk-core-charp\packages\Moq.4.5.8\lib\net45\Moq.xml" to file "bin\Release\Moq.xml" because the "SkipUnchangedFiles" parameter was set to "true" in the project and the files' sizes and timestamps match.
  Did not copy from file "C:\Users\e049519\Workspace\sdk-core-charp\packages\NUnit.3.2.1\lib\net45\nunit.framework.xml" to file "bin\Release\nunit.framework.xml" because the "SkipUnchangedFiles" parameter was set to "true" in the project and the files' sizes and timestamps match.
  Did not copy from file "C:\Users\e049519\Workspace\sdk-core-charp\packages\Newtonsoft.Json.8.0.3\lib\net45\Newtonsoft.Json.xml" to file "bin\Release\Newtonsoft.Json.xml" because the "SkipUnchangedFiles" parameter was set to "true" in the project and the files' sizes and timestamps match.
  Did not copy from file "C:\Users\e049519\Workspace\sdk-core-charp\packages\RestSharp.105.2.3\lib\net45\RestSharp.xml" to file "bin\Release\RestSharp.xml" because the "SkipUnchangedFiles" parameter was set to "true" in the project and the files' sizes and timestamps match.
Done executing task "Copy".
Done building target "_CopyFilesMarkedCopyLocal" in project "MasterCard-Core.csproj".
Target "AssignTargetPaths" skipped. Previously built successfully.
Target "_SplitProjectReferencesByFileExistence" skipped. Previously built successfully.
Target "GetCopyToOutputDirectoryXamlAppDefs" in file "C:\WINDOWS\Microsoft.NET\Framework\v4.0.30319\Microsoft.Xaml.targets" from project "C:\Users\e049519\Workspace\sdk-core-charp\MasterCard-Core.csproj" (target "GetCopyToOutputDirectoryItems" depends on it):
Task "AssignTargetPath"
Done executing task "AssignTargetPath".
Done building target "GetCopyToOutputDirectoryXamlAppDefs" in project "MasterCard-Core.csproj".
Target "GetCopyToOutputDirectoryItems" in file "C:\Program Files (x86)\MSBuild\14.0\bin\Microsoft.Common.CurrentVersion.targets" from project "C:\Users\e049519\Workspace\sdk-core-charp\MasterCard-Core.csproj" (target "_CopySourceItemsToOutputDirectory" depends on it):
Task "MSBuild" skipped, due to false condition; ('@(_MSBuildProjectReferenceExistent)' != '' and '$(_GetChildProjectCopyToOutputDirectoryItems)' == 'true' and '%(_MSBuildProjectReferenceExistent.Private)' != 'false' and '$(UseCommonOutputDirectory)' != 'true') was evaluated as ('' != '' and 'true' == 'true' and '' != 'false' and 'false' != 'true').
Task "AssignTargetPath"
Done executing task "AssignTargetPath".
Done building target "GetCopyToOutputDirectoryItems" in project "MasterCard-Core.csproj".
Target "_CopyOutOfDateSourceItemsToOutputDirectory" in file "C:\Program Files (x86)\MSBuild\14.0\bin\Microsoft.Common.CurrentVersion.targets" from project "C:\Users\e049519\Workspace\sdk-core-charp\MasterCard-Core.csproj" (target "_CopySourceItemsToOutputDirectory" depends on it):
Skipping target "_CopyOutOfDateSourceItemsToOutputDirectory" because all output files are up-to-date with respect to the input files.
Input files: C:\Users\e049519\Workspace\sdk-core-charp\Test\certificate.p12;C:\Users\e049519\Workspace\sdk-core-charp\Test\mastercard_private.pem;C:\Users\e049519\Workspace\sdk-core-charp\Test\prod_key.p12;C:\Users\e049519\Workspace\sdk-core-charp\Test\mastercard_public.crt
Output files: bin\Release\Test\certificate.p12;bin\Release\Test\mastercard_private.pem;bin\Release\Test\prod_key.p12;bin\Release\Test\mastercard_public.crt
Done building target "_CopyOutOfDateSourceItemsToOutputDirectory" in project "MasterCard-Core.csproj".
Target "_CopyOutOfDateSourceItemsToOutputDirectoryAlways" skipped, due to false condition; ( '@(_SourceItemsToCopyToOutputDirectoryAlways)' != '' ) was evaluated as ( '' != '' ).
Target "_CopySourceItemsToOutputDirectory" in file "C:\Program Files (x86)\MSBuild\14.0\bin\Microsoft.Common.CurrentVersion.targets" from project "C:\Users\e049519\Workspace\sdk-core-charp\MasterCard-Core.csproj" (target "CopyFilesToOutputDirectory" depends on it):
Done building target "_CopySourceItemsToOutputDirectory" in project "MasterCard-Core.csproj".
Target "_CopyAppConfigFile" skipped, due to false condition; ( '@(AppConfigWithTargetPath)' != '' ) was evaluated as ( '' != '' ).
Target "_CopyManifestFiles" skipped, due to false condition; ( '$(_DeploymentCopyApplicationManifest)'=='true' or '$(GenerateClickOnceManifests)'=='true' ) was evaluated as ( ''=='true' or ''=='true' ).
Target "_CheckForCompileOutputs" in file "C:\Program Files (x86)\MSBuild\14.0\bin\Microsoft.Common.CurrentVersion.targets" from project "C:\Users\e049519\Workspace\sdk-core-charp\MasterCard-Core.csproj" (target "CopyFilesToOutputDirectory" depends on it):
Done building target "_CheckForCompileOutputs" in project "MasterCard-Core.csproj".
Target "_SGenCheckForOutputs" skipped, due to false condition; ('$(_SGenGenerateSerializationAssembliesConfig)' == 'On' or ('@(WebReferenceUrl)'!='' and '$(_SGenGenerateSerializationAssembliesConfig)' == 'Auto')) was evaluated as ('Auto' == 'On' or (''!='' and 'Auto' == 'Auto')).
Target "CopyFilesToOutputDirectory" in file "C:\Program Files (x86)\MSBuild\14.0\bin\Microsoft.Common.CurrentVersion.targets" from project "C:\Users\e049519\Workspace\sdk-core-charp\MasterCard-Core.csproj" (target "PrepareForRun" depends on it):
Task "Copy"
  Did not copy from file "obj\x86\Release\MasterCard-Core.dll" to file "bin\Release\MasterCard-Core.dll" because the "SkipUnchangedFiles" parameter was set to "true" in the project and the files' sizes and timestamps match.
Done executing task "Copy".
Task "Message"
  MasterCard-Core -> C:\Users\e049519\Workspace\sdk-core-charp\bin\Release\MasterCard-Core.dll
Done executing task "Message".
Task "Copy" skipped, due to false condition; ('@(AddModules)' != '') was evaluated as ('' != '').
Task "Copy" skipped, due to false condition; ('$(_SGenDllCreated)'=='true') was evaluated as ('false'=='true').
Task "Copy"
  Did not copy from file "obj\x86\Release\MasterCard-Core.pdb" to file "bin\Release\MasterCard-Core.pdb" because the "SkipUnchangedFiles" parameter was set to "true" in the project and the files' sizes and timestamps match.
Done executing task "Copy".
Task "Copy" skipped, due to false condition; ('$(_DocumentationFileProduced)'=='true') was evaluated as ('false'=='true').
Task "Copy" skipped, due to false condition; ('@(IntermediateSatelliteAssembliesWithTargetPath)' != '') was evaluated as ('' != '').
Task "Copy" skipped, due to false condition; ('@(ReferenceComWrappersToCopyLocal)' != '' or '@(ResolvedIsolatedComModules)' != '' or '@(_DeploymentLooseManifestFile)' != '' or '@(NativeReferenceFile)' != '' ) was evaluated as ('' != '' or '' != '' or '' != '' or '' != '' ).
Task "Copy" skipped, due to false condition; ('$(SkipCopyWinMDArtifact)' != 'true' and '@(WinMDExpArtifacts)' != '') was evaluated as ('' != 'true' and '' != '').
Task "Message" skipped, due to false condition; ('$(SkipCopyWinMDArtifact)' != 'true' and '$(_WindowsMetadataOutputPath)' != '') was evaluated as ('' != 'true' and '' != '').
Done building target "CopyFilesToOutputDirectory" in project "MasterCard-Core.csproj".
Target "RunCodeAnalysis" skipped, due to false condition; ('$(RunCodeAnalysisOnThisProject)'=='true') was evaluated as (''=='true').
Target "PrepareForRun" in file "C:\Program Files (x86)\MSBuild\14.0\bin\Microsoft.Common.CurrentVersion.targets" from project "C:\Users\e049519\Workspace\sdk-core-charp\MasterCard-Core.csproj" (target "CoreBuild" depends on it):
Done building target "PrepareForRun" in project "MasterCard-Core.csproj".
Target "UnmanagedRegistration" skipped, due to false condition; ('$(RegisterForComInterop)'=='true' and '$(OutputType)'=='library') was evaluated as (''=='true' and 'Library'=='library').
Target "_CheckForCompileOutputs" skipped. Previously built successfully.
Target "_SGenCheckForOutputs" skipped, due to false condition; ('$(_SGenGenerateSerializationAssembliesConfig)' == 'On' or ('@(WebReferenceUrl)'!='' and '$(_SGenGenerateSerializationAssembliesConfig)' == 'Auto')) was evaluated as ('Auto' == 'On' or (''!='' and 'Auto' == 'Auto')).
Target "_CleanGetCurrentAndPriorFileWrites" in file "C:\Program Files (x86)\MSBuild\14.0\bin\Microsoft.Common.CurrentVersion.targets" from project "C:\Users\e049519\Workspace\sdk-core-charp\MasterCard-Core.csproj" (target "IncrementalClean" depends on it):
Using "ReadLinesFromFile" task from assembly "Microsoft.Build.Tasks.Core, Version=14.0.0.0, Culture=neutral, PublicKeyToken=b03f5f7f11d50a3a".
Task "ReadLinesFromFile"
Done executing task "ReadLinesFromFile".
Using "ConvertToAbsolutePath" task from assembly "Microsoft.Build.Tasks.Core, Version=14.0.0.0, Culture=neutral, PublicKeyToken=b03f5f7f11d50a3a".
Task "ConvertToAbsolutePath"
Done executing task "ConvertToAbsolutePath".
Using "FindUnderPath" task from assembly "Microsoft.Build.Tasks.Core, Version=14.0.0.0, Culture=neutral, PublicKeyToken=b03f5f7f11d50a3a".
Task "FindUnderPath"
  Comparison path is "C:\Users\e049519\Workspace\sdk-core-charp".
Done executing task "FindUnderPath".
Task "FindUnderPath"
  Comparison path is "bin\Release\".
Done executing task "FindUnderPath".
Task "FindUnderPath"
  Comparison path is "obj\x86\Release\".
Done executing task "FindUnderPath".
Using "RemoveDuplicates" task from assembly "Microsoft.Build.Tasks.Core, Version=14.0.0.0, Culture=neutral, PublicKeyToken=b03f5f7f11d50a3a".
Task "RemoveDuplicates"
Done executing task "RemoveDuplicates".
Done building target "_CleanGetCurrentAndPriorFileWrites" in project "MasterCard-Core.csproj".
Target "IncrementalClean" in file "C:\Program Files (x86)\MSBuild\14.0\bin\Microsoft.Common.CurrentVersion.targets" from project "C:\Users\e049519\Workspace\sdk-core-charp\MasterCard-Core.csproj" (target "CoreBuild" depends on it):
Task "FindUnderPath"
  Comparison path is "bin\Release\".
Done executing task "FindUnderPath".
Task "FindUnderPath"
  Comparison path is "obj\x86\Release\".
Done executing task "FindUnderPath".
Task "Delete"
Done executing task "Delete".
Task "RemoveDuplicates"
Done executing task "RemoveDuplicates".
Task "WriteLinesToFile" skipped, due to false condition; ('@(_CleanUnfilteredPriorFileWrites)'!='@(_CleanUniqueRemainingFileWritesAfterIncrementalClean)') was evaluated as ('C:\Users\e049519\Workspace\sdk-core-charp\bin\Release\Test\certificate.p12;C:\Users\e049519\Workspace\sdk-core-charp\bin\Release\Test\mastercard_private.pem;C:\Users\e049519\Workspace\sdk-core-charp\bin\Release\Test\prod_key.p12;C:\Users\e049519\Workspace\sdk-core-charp\bin\Release\Test\mastercard_public.crt;C:\Users\e049519\Workspace\sdk-core-charp\bin\Release\MasterCard-Core.dll;C:\Users\e049519\Workspace\sdk-core-charp\bin\Release\MasterCard-Core.pdb;C:\Users\e049519\Workspace\sdk-core-charp\bin\Release\Castle.Core.dll;C:\Users\e049519\Workspace\sdk-core-charp\bin\Release\log4net.dll;C:\Users\e049519\Workspace\sdk-core-charp\bin\Release\Moq.dll;C:\Users\e049519\Workspace\sdk-core-charp\bin\Release\Newtonsoft.Json.dll;C:\Users\e049519\Workspace\sdk-core-charp\bin\Release\nunit.framework.dll;C:\Users\e049519\Workspace\sdk-core-charp\bin\Release\RestSharp.dll;C:\Users\e049519\Workspace\sdk-core-charp\bin\Release\Castle.Core.xml;C:\Users\e049519\Workspace\sdk-core-charp\bin\Release\log4net.xml;C:\Users\e049519\Workspace\sdk-core-charp\bin\Release\Moq.xml;C:\Users\e049519\Workspace\sdk-core-charp\bin\Release\nunit.framework.xml;C:\Users\e049519\Workspace\sdk-core-charp\bin\Release\Newtonsoft.Json.xml;C:\Users\e049519\Workspace\sdk-core-charp\bin\Release\RestSharp.xml;C:\Users\e049519\Workspace\sdk-core-charp\obj\x86\Release\MasterCard-Core.csprojResolveAssemblyReference.cache;C:\Users\e049519\Workspace\sdk-core-charp\obj\x86\Release\MasterCard-Core.dll;C:\Users\e049519\Workspace\sdk-core-charp\obj\x86\Release\MasterCard-Core.pdb'!='C:\Users\e049519\Workspace\sdk-core-charp\bin\Release\Test\certificate.p12;C:\Users\e049519\Workspace\sdk-core-charp\bin\Release\Test\mastercard_private.pem;C:\Users\e049519\Workspace\sdk-core-charp\bin\Release\Test\prod_key.p12;C:\Users\e049519\Workspace\sdk-core-charp\bin\Release\Test\mastercard_public.crt;C:\Users\e049519\Workspace\sdk-core-charp\bin\Release\MasterCard-Core.dll;C:\Users\e049519\Workspace\sdk-core-charp\bin\Release\MasterCard-Core.pdb;C:\Users\e049519\Workspace\sdk-core-charp\bin\Release\Castle.Core.dll;C:\Users\e049519\Workspace\sdk-core-charp\bin\Release\log4net.dll;C:\Users\e049519\Workspace\sdk-core-charp\bin\Release\Moq.dll;C:\Users\e049519\Workspace\sdk-core-charp\bin\Release\Newtonsoft.Json.dll;C:\Users\e049519\Workspace\sdk-core-charp\bin\Release\nunit.framework.dll;C:\Users\e049519\Workspace\sdk-core-charp\bin\Release\RestSharp.dll;C:\Users\e049519\Workspace\sdk-core-charp\bin\Release\Castle.Core.xml;C:\Users\e049519\Workspace\sdk-core-charp\bin\Release\log4net.xml;C:\Users\e049519\Workspace\sdk-core-charp\bin\Release\Moq.xml;C:\Users\e049519\Workspace\sdk-core-charp\bin\Release\nunit.framework.xml;C:\Users\e049519\Workspace\sdk-core-charp\bin\Release\Newtonsoft.Json.xml;C:\Users\e049519\Workspace\sdk-core-charp\bin\Release\RestSharp.xml;C:\Users\e049519\Workspace\sdk-core-charp\obj\x86\Release\MasterCard-Core.csprojResolveAssemblyReference.cache;C:\Users\e049519\Workspace\sdk-core-charp\obj\x86\Release\MasterCard-Core.dll;C:\Users\e049519\Workspace\sdk-core-charp\obj\x86\Release\MasterCard-Core.pdb').
Done building target "IncrementalClean" in project "MasterCard-Core.csproj".
Target "PostBuildEvent" skipped, due to false condition; ('$(PostBuildEvent)' != '' and ('$(RunPostBuildEvent)' != 'OnOutputUpdated' or '$(_AssemblyTimestampBeforeCompile)' != '$(_AssemblyTimestampAfterCompile)')) was evaluated as ('' != '' and ('' != 'OnOutputUpdated' or '' != '')).
Target "CoreBuild" in file "C:\Program Files (x86)\MSBuild\14.0\bin\Microsoft.Common.CurrentVersion.targets" from project "C:\Users\e049519\Workspace\sdk-core-charp\MasterCard-Core.csproj" (target "Build" depends on it):
Done building target "CoreBuild" in project "MasterCard-Core.csproj".
Target "CreateTfsBuildInfoResource" skipped, due to false condition; ( $(AddBuildInfoToAssembly)==true ) was evaluated as ( false==true ).
Target "AfterBuild" in file "C:\Program Files (x86)\MSBuild\14.0\bin\Microsoft.Common.CurrentVersion.targets" from project "C:\Users\e049519\Workspace\sdk-core-charp\MasterCard-Core.csproj" (target "Build" depends on it):
Done building target "AfterBuild" in project "MasterCard-Core.csproj".
Target "Build" in file "C:\Program Files (x86)\MSBuild\14.0\bin\Microsoft.Common.CurrentVersion.targets" from project "C:\Users\e049519\Workspace\sdk-core-charp\MasterCard-Core.csproj" (entry point):
Done building target "Build" in project "MasterCard-Core.csproj".
Done Building Project "C:\Users\e049519\Workspace\sdk-core-charp\MasterCard-Core.csproj" (default targets).

Done executing task "MSBuild".
Done building target "Build" in project "MasterCard-Core.sln".
Done Building Project "C:\Users\e049519\Workspace\sdk-core-charp\MasterCard-Core.sln" (default targets).


Build succeeded.
    0 Warning(s)
    0 Error(s)

Time Elapsed 00:00:00.28
